<?xml version="1.0" encoding="UTF-8"?>
<testng-results ignored="0" total="1" passed="1" failed="0" skipped="0">
  <reporter-output>
    <line>
      <![CDATA[navigateed to correct page]]>
    </line>
  </reporter-output>
  <suite started-at="2024-06-29T13:42:48 IST" name="Default suite" finished-at="2024-06-29T13:43:23 IST" duration-ms="35412">
    <groups>
    </groups>
    <test started-at="2024-06-29T13:42:48 IST" name="Default test" finished-at="2024-06-29T13:43:23 IST" duration-ms="35412">
      <class name="Testcase.FollowUs">
        <test-method is-config="true" signature="configBs()[pri:0, instance:Testcase.FollowUs@3bf7ca37]" started-at="2024-06-29T13:42:43 IST" name="configBs" finished-at="2024-06-29T13:42:48 IST" duration-ms="4540" status="PASS">
          <reporter-output>
          </reporter-output>
        </test-method> <!-- configBs -->
        <test-method is-config="true" signature="configBc()[pri:0, instance:Testcase.FollowUs@3bf7ca37]" started-at="2024-06-29T13:42:48 IST" name="configBc" finished-at="2024-06-29T13:42:58 IST" duration-ms="10287" status="PASS">
          <reporter-output>
          </reporter-output>
        </test-method> <!-- configBc -->
        <test-method signature="tc()[pri:0, instance:Testcase.FollowUs@3bf7ca37]" started-at="2024-06-29T13:42:58 IST" name="tc" finished-at="2024-06-29T13:43:22 IST" duration-ms="24227" status="PASS">
          <reporter-output>
            <line>
              <![CDATA[navigateed to correct page]]>
            </line>
          </reporter-output>
        </test-method> <!-- tc -->
        <test-method is-config="true" signature="configAc()[pri:0, instance:Testcase.FollowUs@3bf7ca37]" started-at="2024-06-29T13:43:22 IST" name="configAc" finished-at="2024-06-29T13:43:23 IST" duration-ms="841" status="PASS">
          <reporter-output>
          </reporter-output>
        </test-method> <!-- configAc -->
        <test-method is-config="true" signature="configAs()[pri:0, instance:Testcase.FollowUs@3bf7ca37]" started-at="2024-06-29T13:43:23 IST" name="configAs" finished-at="2024-06-29T13:43:23 IST" duration-ms="61" status="PASS">
          <reporter-output>
          </reporter-output>
        </test-method> <!-- configAs -->
      </class> <!-- Testcase.FollowUs -->
    </test> <!-- Default test -->
  </suite> <!-- Default suite -->
</testng-results>
